2021-06-16 09:30:31 INFO  BasePage:44 - In search and search str: Samsung
2021-06-16 09:30:40 INFO  BasePage:44 - In search and search str: iPhone
2021-06-16 09:30:40 INFO  BasePage:48 - info
2021-06-16 09:30:40 WARN  BasePage:49 - warn
2021-06-16 10:07:58 INFO  BasePage:44 - In search and search str: Samsung
2021-06-16 10:08:07 INFO  BasePage:44 - In search and search str: iPhone
2021-06-16 10:08:07 INFO  BasePage:48 - info
2021-06-16 10:08:07 WARN  BasePage:49 - warn
2021-06-17 08:26:54 INFO  HomePage:15 - in HomePage
2021-06-17 08:26:57 INFO  HomePage:41 - in search and search str: iPhone
2021-06-17 08:26:57 INFO  HomePage:43 - in if, and search: iPhone
2021-06-17 08:32:37 INFO  HomePage:15 - in HomePage
2021-06-17 08:32:41 INFO  HomePage:41 - in search and search str: iPhone
2021-06-17 08:32:41 INFO  HomePage:43 - in if, and search: iPhone
2021-06-17 08:34:04 INFO  HomePage:15 - in HomePage
2021-06-17 08:34:08 INFO  HomePage:41 - in search and search str: Samsung
2021-06-17 08:57:47 INFO  HomePage:15 - in HomePage
2021-06-17 08:57:51 INFO  HomePage:41 - in search and search str: iPhone
2021-06-17 08:57:51 INFO  HomePage:43 - in if, and search: iPhone
2021-06-17 10:53:27 INFO  HomePage:15 - in HomePage
2021-06-17 10:53:31 INFO  HomePage:41 - in search and search str: iPhone
2021-06-17 10:53:31 INFO  HomePage:43 - in if, and search: iPhone
2021-06-17 11:09:27 INFO  HomePage:15 - in HomePage
2021-06-17 11:09:31 INFO  HomePage:41 - in search and search str: iPhone
2021-06-17 11:09:31 INFO  HomePage:43 - in if, and search: iPhone
2021-06-17 11:14:10 INFO  HomePage:15 - in HomePage
2021-06-17 11:14:13 INFO  HomePage:41 - in search and search str: iPhone
2021-06-17 11:14:13 INFO  HomePage:43 - in if, and search: iPhone
2021-06-17 11:16:36 INFO  HomePage:15 - in HomePage
2021-06-17 11:16:40 INFO  HomePage:41 - in search and search str: iPhone
2021-06-17 11:16:40 INFO  HomePage:43 - in if, and search: iPhone
2021-06-17 11:26:08 INFO  HomePage:15 - in HomePage
2021-06-17 11:26:11 INFO  HomePage:41 - in search and search str: iPhone
2021-06-17 11:26:11 INFO  HomePage:43 - in if, and search: iPhone
2021-06-18 10:14:29 INFO  HomePage:15 - in HomePage
2021-06-18 10:14:33 INFO  HomePage:41 - in search and search str: iPhone
2021-06-18 10:14:33 INFO  HomePage:43 - in if, and search: iPhone
2021-06-18 10:32:15 INFO  HomePage:15 - in HomePage
2021-06-18 10:32:18 INFO  HomePage:41 - in search and search str: iPhone
2021-06-18 10:32:18 INFO  HomePage:43 - in if, and search: iPhone
2021-06-18 12:57:12 INFO  HomePage:15 - in HomePage
2021-06-18 12:57:16 INFO  HomePage:45 - in search and search str: iPhone
2021-06-18 12:57:16 INFO  HomePage:47 - in if, and search: iPhone
2021-06-18 12:58:19 INFO  HomePage:15 - in HomePage
2021-06-18 12:58:23 INFO  HomePage:45 - in search and search str: iPhone
2021-06-18 12:58:23 INFO  HomePage:47 - in if, and search: iPhone
2021-06-18 12:59:56 INFO  HomePage:15 - in HomePage
2021-06-18 12:59:59 INFO  HomePage:45 - in search and search str: iPhone
2021-06-18 12:59:59 INFO  HomePage:47 - in if, and search: iPhone
2021-06-18 13:09:34 INFO  HomePage:15 - in HomePage
2021-06-18 13:09:39 INFO  HomePage:45 - in search and search str: iPhone
2021-06-18 13:09:39 INFO  HomePage:47 - in if, and search: iPhone
2021-06-18 16:01:34 INFO  HomePage:15 - in HomePage
2021-06-18 16:01:37 INFO  HomePage:45 - in search and search str: Samsung
2021-06-21 08:38:04 INFO  HomePage:15 - in HomePage
2021-06-21 08:38:08 INFO  HomePage:45 - in search and search str: iPhone
2021-06-21 08:38:08 INFO  HomePage:47 - in if, and search: iPhone
2021-06-21 08:39:11 INFO  HomePage:15 - in HomePage
2021-06-21 08:39:14 INFO  HomePage:45 - in search and search str: Samsung
2021-06-21 08:53:36 INFO  HomePage:15 - in HomePage
2021-06-21 08:53:40 INFO  HomePage:45 - in search and search str: iPhone
2021-06-21 08:53:40 INFO  HomePage:47 - in if, and search: iPhone
2021-06-21 08:53:46 INFO  HomePage:15 - in HomePage
2021-06-21 08:53:50 INFO  HomePage:45 - in search and search str: Samsung
2021-06-21 09:29:37 INFO  HomePage:15 - in HomePage
2021-06-21 09:29:37 INFO  HomePage:15 - in HomePage
2021-06-21 09:29:42 INFO  HomePage:45 - in search and search str: iPhone
2021-06-21 09:29:42 INFO  HomePage:47 - in if, and search: iPhone
2021-06-21 09:29:43 INFO  HomePage:45 - in search and search str: Samsung
2021-06-21 09:31:26 INFO  HomePage:15 - in HomePage
2021-06-21 09:31:26 INFO  HomePage:15 - in HomePage
2021-06-21 09:31:29 INFO  HomePage:45 - in search and search str: iPhone
2021-06-21 09:31:29 INFO  HomePage:47 - in if, and search: iPhone
2021-06-21 09:31:31 INFO  HomePage:45 - in search and search str: Samsung
2021-06-21 09:33:02 INFO  HomePage:15 - in HomePage
2021-06-21 09:33:02 INFO  HomePage:15 - in HomePage
2021-06-21 09:33:06 INFO  HomePage:45 - in search and search str: iPhone
2021-06-21 09:33:06 INFO  HomePage:47 - in if, and search: iPhone
2021-06-21 09:33:08 INFO  HomePage:45 - in search and search str: Samsung
2021-06-21 09:46:53 INFO  HomePage:15 - in HomePage
2021-06-21 09:46:53 INFO  HomePage:15 - in HomePage
2021-06-21 09:46:57 INFO  HomePage:45 - in search and search str: Samsung
2021-06-21 09:46:58 INFO  HomePage:45 - in search and search str: iPhone
2021-06-21 09:46:58 INFO  HomePage:47 - in if, and search: iPhone
2021-06-21 09:47:49 INFO  HomePage:15 - in HomePage
2021-06-21 09:47:49 INFO  HomePage:15 - in HomePage
2021-06-21 09:47:53 INFO  HomePage:45 - in search and search str: Samsung
2021-06-21 09:47:55 INFO  HomePage:45 - in search and search str: iPhone
2021-06-21 09:47:55 INFO  HomePage:47 - in if, and search: iPhone
2021-06-21 09:48:31 INFO  HomePage:15 - in HomePage
2021-06-21 09:48:31 INFO  HomePage:15 - in HomePage
2021-06-21 09:48:35 INFO  HomePage:45 - in search and search str: iPhone
2021-06-21 09:48:35 INFO  HomePage:47 - in if, and search: iPhone
2021-06-21 09:48:36 INFO  HomePage:45 - in search and search str: Samsung
2021-06-21 09:49:19 INFO  HomePage:15 - in HomePage
2021-06-21 09:49:19 INFO  HomePage:15 - in HomePage
2021-06-21 09:49:23 INFO  HomePage:45 - in search and search str: Samsung
2021-06-21 09:49:25 INFO  HomePage:45 - in search and search str: iPhone
2021-06-21 09:49:25 INFO  HomePage:47 - in if, and search: iPhone
2021-06-21 09:58:54 INFO  HomePage:15 - in HomePage
2021-06-21 09:58:54 INFO  HomePage:15 - in HomePage
2021-06-21 09:58:58 INFO  HomePage:45 - in search and search str: iPhone
2021-06-21 09:58:58 INFO  HomePage:47 - in if, and search: iPhone
2021-06-21 09:58:59 INFO  HomePage:45 - in search and search str: Samsung
2021-06-21 09:59:40 INFO  HomePage:15 - in HomePage
2021-06-21 09:59:41 INFO  HomePage:15 - in HomePage
2021-06-21 09:59:46 INFO  HomePage:45 - in search and search str: iPhone
2021-06-21 09:59:46 INFO  HomePage:47 - in if, and search: iPhone
2021-06-21 09:59:47 INFO  HomePage:45 - in search and search str: Samsung
2021-06-21 10:01:40 INFO  HomePage:15 - in HomePage
2021-06-21 10:01:40 INFO  HomePage:15 - in HomePage
2021-06-21 10:01:45 INFO  HomePage:45 - in search and search str: Samsung
2021-06-21 10:01:46 INFO  HomePage:45 - in search and search str: iPhone
2021-06-21 10:01:46 INFO  HomePage:47 - in if, and search: iPhone
2021-06-21 10:02:55 INFO  HomePage:15 - in HomePage
2021-06-21 10:02:55 INFO  HomePage:15 - in HomePage
2021-06-21 10:03:01 INFO  HomePage:45 - in search and search str: Samsung
2021-06-21 10:03:02 INFO  HomePage:45 - in search and search str: iPhone
2021-06-21 10:03:02 INFO  HomePage:47 - in if, and search: iPhone
2021-06-21 10:18:16 INFO  HomePage:15 - in HomePage
2021-06-21 10:18:16 INFO  HomePage:15 - in HomePage
2021-06-21 10:18:21 INFO  HomePage:45 - in search and search str: Samsung
2021-06-21 10:18:22 INFO  HomePage:45 - in search and search str: iPhone
2021-06-21 10:18:22 INFO  HomePage:47 - in if, and search: iPhone
2021-06-21 10:23:13 INFO  HomePage:15 - in HomePage
2021-06-21 10:23:13 INFO  HomePage:15 - in HomePage
2021-06-21 10:23:19 INFO  HomePage:45 - in search and search str: iPhone
2021-06-21 10:23:19 INFO  HomePage:47 - in if, and search: iPhone
2021-06-21 10:23:19 INFO  HomePage:45 - in search and search str: Samsung
2021-06-21 10:25:25 INFO  HomePage:15 - in HomePage
2021-06-21 10:25:25 INFO  HomePage:15 - in HomePage
2021-06-21 10:25:30 INFO  HomePage:45 - in search and search str: Samsung
2021-06-21 10:25:33 INFO  HomePage:45 - in search and search str: iPhone
2021-06-21 10:25:33 INFO  HomePage:47 - in if, and search: iPhone
2021-06-21 10:35:21 INFO  HomePage:15 - in HomePage
2021-06-21 10:35:21 INFO  HomePage:15 - in HomePage
2021-06-21 10:35:27 INFO  HomePage:45 - in search and search str: iPhone
2021-06-21 10:35:27 INFO  HomePage:47 - in if, and search: iPhone
2021-06-21 10:35:27 INFO  HomePage:49 - in search and search str: iPhone
2021-06-21 10:35:29 INFO  HomePage:45 - in search and search str: Samsung
2021-06-21 10:35:29 INFO  HomePage:49 - in search and search str: Samsung
2021-06-21 10:35:29 INFO  HomePage:51 - in if, and search: Samsung
2021-06-21 11:13:15 INFO  HomePage:15 - in HomePage
2021-06-21 11:13:18 INFO  HomePage:45 - in search and search str: Laptop
2021-06-21 11:13:18 INFO  HomePage:49 - in search and search str: Laptop
2021-06-21 11:41:46 INFO  HomePage:15 - in HomePage
2021-06-21 11:41:50 INFO  HomePage:47 - in search and search str: Laptop
2021-06-21 11:41:50 INFO  HomePage:51 - in search and search str: Laptop
2021-06-21 11:45:09 INFO  HomePage:15 - in HomePage
2021-06-21 11:45:13 INFO  HomePage:47 - in search and search str: Laptop
2021-06-21 11:45:13 INFO  HomePage:51 - in search and search str: Laptop
2021-06-21 11:46:16 INFO  HomePage:15 - in HomePage
2021-06-21 11:46:20 INFO  HomePage:47 - in search and search str: Laptop
2021-06-21 11:46:20 INFO  HomePage:51 - in search and search str: Laptop
2021-06-21 11:52:20 INFO  HomePage:15 - in HomePage
2021-06-21 11:52:24 INFO  HomePage:47 - in search and search str: Laptop
2021-06-21 11:52:24 INFO  HomePage:51 - in search and search str: Laptop
2021-06-21 12:10:27 INFO  HomePage:15 - in HomePage
2021-06-21 12:10:31 INFO  HomePage:47 - in search and search str: Laptop
2021-06-21 12:10:31 INFO  HomePage:51 - in search and search str: Laptop
2021-06-21 12:12:00 INFO  HomePage:15 - in HomePage
2021-06-21 12:12:03 INFO  HomePage:47 - in search and search str: Laptop
2021-06-21 12:12:03 INFO  HomePage:51 - in search and search str: Laptop
2021-06-21 12:19:27 INFO  HomePage:15 - in HomePage
2021-06-21 12:19:32 INFO  HomePage:47 - in search and search str: Laptop
2021-06-21 12:19:32 INFO  HomePage:51 - in search and search str: Laptop
2021-06-21 12:26:29 INFO  HomePage:15 - in HomePage
2021-06-21 12:26:33 INFO  HomePage:47 - in search and search str: Laptop
2021-06-21 12:26:33 INFO  HomePage:51 - in search and search str: Laptop
2021-06-21 12:26:36 INFO  HomePage:62 - in search and search str: HP
2021-06-21 12:27:38 INFO  HomePage:15 - in HomePage
2021-06-21 12:27:42 INFO  HomePage:61 - in search and search str: Laptop
2021-06-21 12:27:42 INFO  HomePage:63 - in if, and search: Laptop
2021-06-21 12:29:57 INFO  HomePage:15 - in HomePage
2021-06-21 12:30:00 INFO  HomePage:46 - in search and search str: Laptop
2021-06-21 12:30:00 INFO  HomePage:50 - in search and search str: Laptop
2021-06-21 12:30:04 INFO  HomePage:61 - in search and search str: HP
2021-06-21 12:33:49 INFO  HomePage:15 - in HomePage
2021-06-21 12:33:53 INFO  HomePage:61 - in search and search str: Laptop
2021-06-21 12:33:53 INFO  HomePage:63 - in if, and search: Laptop
2021-06-21 12:39:41 INFO  HomePage:15 - in HomePage
2021-06-21 12:39:45 INFO  HomePage:61 - in search and search str: Laptop
2021-06-21 12:39:45 INFO  HomePage:63 - in if, and search: Laptop
2021-06-21 12:42:39 INFO  HomePage:15 - in HomePage
2021-06-21 12:42:44 INFO  HomePage:61 - in search and search str: Laptop
2021-06-21 12:42:44 INFO  HomePage:63 - in if, and search: Laptop
2021-06-21 12:45:04 INFO  HomePage:15 - in HomePage
2021-06-21 12:45:07 INFO  HomePage:61 - in search and search str: Laptop
2021-06-21 12:45:07 INFO  HomePage:63 - in if, and search: Laptop
2021-06-21 12:47:27 INFO  HomePage:15 - in HomePage
2021-06-21 12:47:31 INFO  HomePage:61 - in search and search str: Laptop
2021-06-21 12:47:31 INFO  HomePage:63 - in if, and search: Laptop
2021-06-21 12:50:27 INFO  HomePage:15 - in HomePage
2021-06-21 12:50:31 INFO  HomePage:61 - in search and search str: Laptop
2021-06-21 12:50:31 INFO  HomePage:63 - in if, and search: Laptop
2021-06-21 13:16:54 INFO  HomePage:15 - in HomePage
2021-06-21 13:16:58 INFO  HomePage:63 - info
2021-06-21 13:16:58 WARN  HomePage:64 - warn
2021-06-21 13:16:58 INFO  HomePage:67 - in search and search str: Laptop
2021-06-21 13:16:58 INFO  HomePage:69 - in if, and search: Laptop
2021-06-21 13:18:51 INFO  HomePage:15 - in HomePage
2021-06-21 13:18:54 INFO  HomePage:46 - in search and search str: Laptop
2021-06-21 13:18:54 INFO  HomePage:50 - in search and search str: Laptop
2021-06-21 13:18:58 INFO  HomePage:63 - info
2021-06-21 13:18:58 WARN  HomePage:64 - warn
2021-06-21 13:21:53 INFO  HomePage:15 - in HomePage
2021-06-21 13:21:57 INFO  HomePage:46 - in search and search str: Laptop
2021-06-21 13:21:57 INFO  HomePage:50 - in search and search str: Laptop
2021-06-21 13:22:02 INFO  HomePage:63 - info
2021-06-21 13:22:02 WARN  HomePage:64 - warn
2021-06-21 13:24:32 INFO  HomePage:15 - in HomePage
2021-06-21 13:24:36 INFO  HomePage:46 - in search and search str: Laptop
2021-06-21 13:24:36 INFO  HomePage:50 - in search and search str: Laptop
2021-06-21 13:24:40 INFO  HomePage:61 - in filter and filter str: HP
2021-06-21 13:24:40 INFO  HomePage:64 - info
2021-06-21 13:24:40 WARN  HomePage:65 - warn
2021-06-21 13:32:05 INFO  HomePage:15 - in HomePage
2021-06-21 13:32:09 INFO  HomePage:46 - in search and search str: Laptop
2021-06-21 13:32:09 INFO  HomePage:50 - in search and search str: Laptop
2021-06-21 13:32:12 INFO  HomePage:61 - in filter and filter str: HP
2021-06-21 13:40:31 INFO  HomePage:15 - in HomePage
2021-06-21 13:40:36 INFO  HomePage:46 - in search and search str: Laptop
2021-06-21 13:40:36 INFO  HomePage:50 - in search and search str: Laptop
2021-06-21 13:40:40 INFO  HomePage:61 - in filter and filter str: HP
2021-06-21 13:46:43 INFO  HomePage:15 - in HomePage
2021-06-21 13:46:47 INFO  HomePage:62 - in search and search str: Laptop
2021-06-21 13:46:47 INFO  HomePage:64 - in if, and search: Laptop
2021-06-21 13:46:51 INFO  HomePage:73 - in filter and filter str: HP
2021-06-21 13:47:34 INFO  HomePage:15 - in HomePage
2021-06-21 13:47:37 INFO  HomePage:62 - in search and search str: Laptop
2021-06-21 13:47:40 INFO  HomePage:70 - in filter and filter str: HP
2021-06-21 13:55:18 INFO  HomePage:15 - in HomePage
2021-06-21 13:55:21 INFO  HomePage:62 - in search and search str: Laptop
2021-06-21 13:55:25 INFO  HomePage:70 - info
2021-06-21 13:55:25 INFO  HomePage:73 - in filter and filter str: HP
2021-06-21 13:55:25 WARN  HomePage:74 - warn
2021-06-21 13:57:29 INFO  HomePage:15 - in HomePage
2021-06-21 13:57:33 INFO  HomePage:62 - in search and search str: Laptop
2021-06-21 13:57:37 INFO  HomePage:70 - info
2021-06-21 13:57:37 INFO  HomePage:73 - in filter and filter str: HP
2021-06-21 13:57:37 WARN  HomePage:74 - warn
2021-06-21 14:10:22 INFO  HomePage:15 - in HomePage
2021-06-21 14:10:25 INFO  HomePage:62 - in search and search str: Laptop
2021-06-21 14:10:29 INFO  HomePage:70 - info
2021-06-21 14:10:29 INFO  HomePage:73 - in filter and filter str: HP
2021-06-21 14:10:29 WARN  HomePage:74 - warn
2021-06-21 14:12:23 INFO  HomePage:15 - in HomePage
2021-06-21 14:12:27 INFO  HomePage:62 - in search and search str: Laptop
2021-06-21 14:12:30 INFO  HomePage:70 - info
2021-06-21 14:12:30 INFO  HomePage:73 - in filter and filter str: HP
2021-06-21 14:12:30 WARN  HomePage:74 - warn
2021-06-21 14:13:51 INFO  HomePage:15 - in HomePage
2021-06-21 14:13:56 INFO  HomePage:62 - in search and search str: Laptop
2021-06-21 14:13:59 INFO  HomePage:70 - info
2021-06-21 14:13:59 INFO  HomePage:73 - in filter and filter str: HP
2021-06-21 14:13:59 WARN  HomePage:74 - warn
2021-06-21 14:16:31 INFO  HomePage:15 - in HomePage
2021-06-21 14:16:35 INFO  HomePage:62 - in search and search str: Laptop
2021-06-21 14:16:38 INFO  HomePage:70 - info
2021-06-21 14:16:38 INFO  HomePage:73 - in filter and filter str: HP
2021-06-21 14:16:38 WARN  HomePage:74 - warn
2021-06-21 14:22:25 INFO  HomePage:15 - in HomePage
2021-06-21 14:22:30 INFO  HomePage:62 - in search and search str: Laptop
2021-06-21 14:22:33 INFO  HomePage:70 - info
2021-06-21 14:22:33 INFO  HomePage:73 - in filter and filter str: HP
2021-06-21 14:22:33 WARN  HomePage:74 - warn
2021-06-21 14:23:22 INFO  HomePage:15 - in HomePage
2021-06-21 14:23:26 INFO  HomePage:62 - in search and search str: Laptop
2021-06-21 14:23:29 INFO  HomePage:70 - info
2021-06-21 14:23:29 INFO  HomePage:73 - in filter and filter str: HP
2021-06-21 14:23:29 WARN  HomePage:74 - warn
2021-06-21 14:26:11 INFO  HomePage:15 - in HomePage
2021-06-21 14:26:15 INFO  HomePage:62 - in search and search str: Laptop
2021-06-21 14:26:18 INFO  HomePage:70 - info
2021-06-21 14:26:18 INFO  HomePage:73 - in filter and filter str: HP
2021-06-21 14:26:18 WARN  HomePage:74 - warn
2021-06-21 14:29:13 INFO  HomePage:15 - in HomePage
2021-06-21 14:29:18 INFO  HomePage:62 - in search and search str: Laptop
2021-06-21 14:29:20 INFO  HomePage:70 - info
2021-06-21 14:29:20 INFO  HomePage:73 - in filter and filter str: HP
2021-06-21 14:29:20 WARN  HomePage:74 - warn
2021-06-21 14:35:37 INFO  HomePage:15 - in HomePage
2021-06-21 14:35:41 INFO  HomePage:62 - in search and search str: Laptop
2021-06-21 14:40:44 INFO  HomePage:15 - in HomePage
2021-06-21 14:40:48 INFO  HomePage:62 - in search and search str: Laptop
2021-06-21 14:44:12 INFO  HomePage:15 - in HomePage
2021-06-21 14:44:15 INFO  HomePage:62 - in search and search str: Laptop
2021-06-21 14:48:39 INFO  HomePage:15 - in HomePage
2021-06-21 14:48:42 INFO  HomePage:62 - in search and search str: Laptop
2021-06-21 14:49:31 INFO  HomePage:15 - in HomePage
2021-06-21 14:49:34 INFO  HomePage:62 - in search and search str: Laptop
2021-06-21 14:51:59 INFO  HomePage:15 - in HomePage
2021-06-21 14:52:02 INFO  HomePage:62 - in search and search str: Laptop
2021-06-21 14:53:33 INFO  HomePage:15 - in HomePage
2021-06-21 14:53:38 INFO  HomePage:62 - in search and search str: Laptop
2021-06-21 14:53:41 INFO  HomePage:70 - info
2021-06-21 14:53:41 INFO  HomePage:73 - in filter and filter str: ChkBoxBrand
2021-06-21 14:53:41 WARN  HomePage:74 - warn
2021-06-21 14:59:20 INFO  HomePage:15 - in HomePage
2021-06-21 14:59:23 INFO  HomePage:62 - in search and search str: Laptop
2021-06-21 14:59:27 INFO  HomePage:70 - info
2021-06-21 14:59:27 INFO  HomePage:73 - in filter and filter str: HP
2021-06-21 14:59:27 WARN  HomePage:74 - warn
2021-06-21 15:03:38 INFO  HomePage:15 - in HomePage
2021-06-21 15:03:42 INFO  HomePage:62 - in search and search str: Laptop
2021-06-21 15:15:01 INFO  HomePage:15 - in HomePage
2021-06-21 15:15:05 INFO  HomePage:62 - in search and search str: Laptop
2021-06-21 15:15:08 INFO  HomePage:70 - info
2021-06-21 15:15:08 INFO  HomePage:73 - in filter and filter str: null
2021-06-21 15:15:08 WARN  HomePage:74 - warn
2021-06-21 15:16:28 INFO  HomePage:15 - in HomePage
2021-06-21 15:16:33 INFO  HomePage:62 - in search and search str: Laptop
2021-06-21 15:16:36 INFO  HomePage:70 - info
2021-06-21 15:16:36 INFO  HomePage:73 - in filter and filter str: null
2021-06-21 15:16:36 WARN  HomePage:74 - warn
2021-06-21 15:18:55 INFO  HomePage:15 - in HomePage
2021-06-21 15:19:00 INFO  HomePage:62 - in search and search str: Laptop
2021-06-21 15:19:03 INFO  HomePage:67 - info
2021-06-21 15:19:03 INFO  HomePage:70 - in filter and filter str: Laptop
2021-06-21 15:19:03 WARN  HomePage:71 - warn
2021-06-21 15:20:12 INFO  HomePage:15 - in HomePage
2021-06-21 15:20:16 INFO  HomePage:62 - in search and search str: Laptop
2021-06-21 15:20:19 INFO  HomePage:67 - info
2021-06-21 15:20:19 INFO  HomePage:70 - in filter and filter str: //div[@id='brandsRefinements']//li[@class='a-spacing-micro']
2021-06-21 15:20:19 WARN  HomePage:71 - warn
2021-06-21 15:22:30 INFO  HomePage:15 - in HomePage
2021-06-21 15:22:34 INFO  HomePage:62 - in search and search str: Laptop
2021-06-21 15:22:37 INFO  HomePage:67 - info
2021-06-21 15:22:37 INFO  HomePage:70 - in filter and filter str: By.xpath: //div[@id='brandsRefinements']//li[@class='a-spacing-micro']
2021-06-21 15:22:37 WARN  HomePage:71 - warn
2021-06-21 15:23:51 INFO  HomePage:15 - in HomePage
2021-06-21 15:23:55 INFO  HomePage:62 - in search and search str: Laptop
2021-06-21 15:23:58 INFO  HomePage:67 - info
2021-06-21 15:23:58 INFO  HomePage:70 - in filter and filter str: By.xpath: //div[@id='brandsRefinements']//span[@class='a-size-base a-color-base']
2021-06-21 15:23:58 WARN  HomePage:71 - warn
2021-06-21 15:25:02 INFO  HomePage:15 - in HomePage
2021-06-21 15:25:07 INFO  HomePage:62 - in search and search str: Laptop
2021-06-21 15:25:10 INFO  HomePage:67 - info
2021-06-21 15:25:10 INFO  HomePage:70 - in filter and filter str: By.xpath: //div[@id='brandsRefinements']//span[@class='a-size-base a-color-base']
2021-06-21 15:25:10 WARN  HomePage:71 - warn
2021-06-21 15:26:42 INFO  HomePage:15 - in HomePage
2021-06-21 15:26:46 INFO  HomePage:62 - in search and search str: Laptop
2021-06-21 15:26:49 INFO  HomePage:67 - info
2021-06-21 15:26:49 WARN  HomePage:70 - warn
2021-06-21 15:39:28 INFO  HomePage:15 - in HomePage
2021-06-21 15:39:32 INFO  HomePage:62 - in search and search str: Laptop
2021-06-21 15:39:35 INFO  HomePage:67 - info
2021-06-21 15:39:35 WARN  HomePage:70 - warn
2021-06-21 15:43:25 INFO  HomePage:15 - in HomePage
2021-06-21 15:43:29 INFO  HomePage:62 - in search and search str: Laptop
2021-06-21 15:43:32 INFO  HomePage:67 - info
2021-06-21 15:43:32 WARN  HomePage:70 - warn
2021-06-21 15:51:06 INFO  HomePage:15 - in HomePage
2021-06-21 15:51:10 INFO  HomePage:62 - in search and search str: Laptop
2021-06-21 15:51:10 INFO  HomePage:64 - in if, and search: Laptop
2021-06-21 15:51:13 INFO  HomePage:69 - info
2021-06-21 15:53:56 INFO  HomePage:15 - in HomePage
2021-06-21 15:54:01 INFO  HomePage:62 - in search and search str: Laptop
2021-06-21 15:54:04 INFO  HomePage:69 - info
2021-06-21 15:58:22 INFO  HomePage:15 - in HomePage
2021-06-21 15:58:26 INFO  HomePage:62 - in search and search str: Laptop
2021-06-21 15:58:29 INFO  HomePage:69 - info
2021-06-21 16:27:52 INFO  HomePage:15 - in HomePage
2021-06-21 16:27:57 INFO  HomePage:62 - in search and search str: Laptop
2021-06-21 16:28:00 INFO  HomePage:69 - info
2021-06-21 16:29:40 INFO  HomePage:15 - in HomePage
2021-06-21 16:29:45 INFO  HomePage:62 - in search and search str: Laptop
2021-06-21 16:29:48 INFO  HomePage:69 - info
2021-06-21 16:55:37 INFO  HomePage:15 - in HomePage
2021-06-21 16:55:41 INFO  HomePage:62 - in search and search str: Laptop
2021-06-21 16:55:44 INFO  HomePage:69 - info
2021-06-21 16:56:22 INFO  HomePage:15 - in HomePage
2021-06-21 16:56:25 INFO  HomePage:62 - in search and search str: Laptop
2021-06-21 16:56:28 INFO  HomePage:69 - info
2021-06-21 16:57:01 INFO  HomePage:15 - in HomePage
2021-06-21 16:57:05 INFO  HomePage:62 - in search and search str: Laptop
2021-06-21 16:57:08 INFO  HomePage:69 - info
2021-06-21 16:59:42 INFO  HomePage:15 - in HomePage
2021-06-21 16:59:46 INFO  HomePage:62 - in search and search str: Laptop
2021-06-21 16:59:49 INFO  HomePage:69 - info
2021-06-21 17:59:48 INFO  HomePage:15 - in HomePage
2021-06-21 17:59:52 INFO  HomePage:74 - in search and search str: Laptop
2021-06-21 17:59:55 INFO  HomePage:81 - info
2021-06-21 18:04:51 INFO  HomePage:15 - in HomePage
2021-06-21 18:04:55 INFO  HomePage:74 - in search and search str: Laptop
2021-06-21 18:04:58 INFO  HomePage:81 - info
2021-06-21 18:11:39 INFO  HomePage:15 - in HomePage
2021-06-21 18:11:42 INFO  HomePage:74 - in search and search str: Laptop
2021-06-21 18:11:45 INFO  HomePage:81 - info
2021-06-21 18:15:10 INFO  HomePage:15 - in HomePage
2021-06-21 18:15:13 INFO  HomePage:74 - in search and search str: Laptop
2021-06-21 18:15:16 INFO  HomePage:81 - info
2021-06-21 18:17:35 INFO  HomePage:15 - in HomePage
2021-06-21 18:17:39 INFO  HomePage:74 - in search and search str: Laptop
2021-06-21 18:17:42 INFO  HomePage:81 - info
2021-06-21 18:24:31 INFO  HomePage:15 - in HomePage
2021-06-21 18:24:35 INFO  HomePage:89 - in search and search str: Laptop
2021-06-21 18:24:39 INFO  HomePage:94 - info
2021-06-21 18:24:43 INFO  HomePage:15 - in HomePage
2021-06-21 18:24:47 INFO  HomePage:74 - in search and search str: Laptop
2021-06-21 18:24:50 INFO  HomePage:81 - info
2021-06-21 18:30:55 INFO  HomePage:15 - in HomePage
2021-06-21 18:30:59 INFO  HomePage:128 - in search and search str: Laptop
2021-06-21 18:31:02 INFO  HomePage:133 - info
2021-06-21 18:31:07 INFO  HomePage:15 - in HomePage
2021-06-21 18:31:11 INFO  HomePage:180 - in search and search str: Laptop
2021-06-21 18:31:14 INFO  HomePage:185 - info
2021-06-21 18:31:16 INFO  HomePage:15 - in HomePage
2021-06-21 18:31:20 INFO  HomePage:89 - in search and search str: Laptop
2021-06-21 18:31:23 INFO  HomePage:94 - info
2021-06-21 18:31:28 INFO  HomePage:15 - in HomePage
2021-06-21 18:31:31 INFO  HomePage:102 - in search and search str: Laptop
2021-06-21 18:31:34 INFO  HomePage:107 - info
2021-06-21 18:31:39 INFO  HomePage:15 - in HomePage
2021-06-21 18:31:43 INFO  HomePage:74 - in search and search str: Laptop
2021-06-21 18:31:47 INFO  HomePage:81 - info
2021-06-21 18:31:51 INFO  HomePage:15 - in HomePage
2021-06-21 18:31:56 INFO  HomePage:115 - in search and search str: Laptop
2021-06-21 18:31:59 INFO  HomePage:120 - info
2021-06-21 18:32:04 INFO  HomePage:15 - in HomePage
2021-06-21 18:32:08 INFO  HomePage:141 - in search and search str: Laptop
2021-06-21 18:32:10 INFO  HomePage:146 - info
2021-06-21 18:32:15 INFO  HomePage:15 - in HomePage
2021-06-21 18:32:18 INFO  HomePage:154 - in search and search str: Laptop
2021-06-21 18:32:21 INFO  HomePage:159 - info
2021-06-21 18:32:26 INFO  HomePage:15 - in HomePage
2021-06-21 18:32:30 INFO  HomePage:167 - in search and search str: Laptop
2021-06-21 18:32:33 INFO  HomePage:172 - info
2021-06-21 18:32:36 INFO  HomePage:15 - in HomePage
2021-06-21 18:32:40 INFO  HomePage:193 - in search and search str: Laptop
2021-06-21 18:32:43 INFO  HomePage:198 - info
2021-06-21 18:35:32 INFO  HomePage:15 - in HomePage
2021-06-21 18:35:36 INFO  HomePage:180 - in search and search str: Laptop
2021-06-21 18:35:40 INFO  HomePage:185 - info
2021-06-21 18:36:16 INFO  HomePage:15 - in HomePage
2021-06-21 18:36:20 INFO  HomePage:180 - in search and search str: Laptop
2021-06-21 18:36:23 INFO  HomePage:185 - info
2021-06-21 18:41:09 INFO  HomePage:15 - in HomePage
2021-06-21 18:41:12 INFO  HomePage:129 - in search and search str: Laptop
2021-06-21 18:41:16 INFO  HomePage:134 - info
2021-06-21 18:41:21 INFO  HomePage:15 - in HomePage
2021-06-21 18:41:24 INFO  HomePage:182 - in search and search str: Laptop
2021-06-21 18:41:28 INFO  HomePage:187 - info
2021-06-21 18:41:31 INFO  HomePage:15 - in HomePage
2021-06-21 18:41:35 INFO  HomePage:90 - in search and search str: Laptop
2021-06-21 18:41:38 INFO  HomePage:95 - info
2021-06-21 18:41:43 INFO  HomePage:15 - in HomePage
2021-06-21 18:41:47 INFO  HomePage:103 - in search and search str: Laptop
2021-06-21 18:41:51 INFO  HomePage:108 - info
2021-06-21 18:41:55 INFO  HomePage:15 - in HomePage
2021-06-21 18:41:59 INFO  HomePage:75 - in search and search str: Laptop
2021-06-21 18:42:02 INFO  HomePage:82 - info
2021-06-21 18:42:07 INFO  HomePage:15 - in HomePage
2021-06-21 18:42:11 INFO  HomePage:116 - in search and search str: Laptop
2021-06-21 18:42:14 INFO  HomePage:121 - info
2021-06-21 18:42:18 INFO  HomePage:15 - in HomePage
2021-06-21 18:42:22 INFO  HomePage:142 - in search and search str: Laptop
2021-06-21 18:42:25 INFO  HomePage:147 - info
2021-06-21 18:42:30 INFO  HomePage:15 - in HomePage
2021-06-21 18:42:34 INFO  HomePage:155 - in search and search str: Laptop
2021-06-21 18:42:37 INFO  HomePage:160 - info
2021-06-21 18:42:41 INFO  HomePage:15 - in HomePage
2021-06-21 18:42:46 INFO  HomePage:168 - in search and search str: Laptop
2021-06-21 18:42:48 INFO  HomePage:173 - info
2021-06-21 18:42:52 INFO  HomePage:15 - in HomePage
2021-06-21 18:42:55 INFO  HomePage:196 - in search and search str: Laptop
2021-06-21 18:42:58 INFO  HomePage:201 - info
2021-06-21 18:44:27 INFO  HomePage:15 - in HomePage
2021-06-21 18:44:31 INFO  HomePage:129 - in search and search str: Laptop
2021-06-21 18:44:34 INFO  HomePage:134 - info
2021-06-21 18:44:39 INFO  HomePage:15 - in HomePage
2021-06-21 18:44:42 INFO  HomePage:182 - in search and search str: Laptop
2021-06-21 18:44:45 INFO  HomePage:187 - info
2021-06-21 18:44:49 INFO  HomePage:15 - in HomePage
2021-06-21 18:44:53 INFO  HomePage:90 - in search and search str: Laptop
2021-06-21 18:44:56 INFO  HomePage:95 - info
2021-06-21 18:45:01 INFO  HomePage:15 - in HomePage
2021-06-21 18:45:04 INFO  HomePage:103 - in search and search str: Laptop
2021-06-21 18:45:08 INFO  HomePage:108 - info
2021-06-21 18:45:13 INFO  HomePage:15 - in HomePage
2021-06-21 18:45:16 INFO  HomePage:75 - in search and search str: Laptop
2021-06-21 18:45:19 INFO  HomePage:82 - info
2021-06-21 18:45:24 INFO  HomePage:15 - in HomePage
2021-06-21 18:45:28 INFO  HomePage:116 - in search and search str: Laptop
2021-06-21 18:45:31 INFO  HomePage:121 - info
2021-06-21 18:45:36 INFO  HomePage:15 - in HomePage
2021-06-21 18:45:40 INFO  HomePage:142 - in search and search str: Laptop
2021-06-21 18:45:43 INFO  HomePage:147 - info
2021-06-21 18:45:47 INFO  HomePage:15 - in HomePage
2021-06-21 18:45:51 INFO  HomePage:155 - in search and search str: Laptop
2021-06-21 18:45:54 INFO  HomePage:160 - info
2021-06-21 18:45:59 INFO  HomePage:15 - in HomePage
2021-06-21 18:46:04 INFO  HomePage:168 - in search and search str: Laptop
2021-06-21 18:46:08 INFO  HomePage:173 - info
2021-06-21 18:46:12 INFO  HomePage:15 - in HomePage
2021-06-21 18:46:16 INFO  HomePage:196 - in search and search str: Laptop
2021-06-21 18:46:19 INFO  HomePage:201 - info
2021-06-21 19:09:16 INFO  HomePage:15 - in HomePage
2021-06-21 19:09:20 INFO  HomePage:129 - in search and search str: Laptop
2021-06-21 19:09:25 INFO  HomePage:134 - info
2021-06-21 19:09:29 INFO  HomePage:15 - in HomePage
2021-06-21 19:09:33 INFO  HomePage:182 - in search and search str: Laptop
2021-06-21 19:09:36 INFO  HomePage:187 - info
2021-06-21 19:09:39 INFO  HomePage:15 - in HomePage
2021-06-21 19:09:44 INFO  HomePage:90 - in search and search str: Laptop
2021-06-21 19:09:47 INFO  HomePage:95 - info
2021-06-21 19:09:51 INFO  HomePage:15 - in HomePage
2021-06-21 19:09:56 INFO  HomePage:103 - in search and search str: Laptop
2021-06-21 19:09:59 INFO  HomePage:108 - info
2021-06-21 19:10:03 INFO  HomePage:15 - in HomePage
2021-06-21 19:10:08 INFO  HomePage:75 - in search and search str: Laptop
2021-06-21 19:10:11 INFO  HomePage:82 - info
2021-06-21 19:10:16 INFO  HomePage:15 - in HomePage
2021-06-21 19:10:20 INFO  HomePage:116 - in search and search str: Laptop
2021-06-21 19:10:23 INFO  HomePage:121 - info
2021-06-21 19:10:28 INFO  HomePage:15 - in HomePage
2021-06-21 19:10:32 INFO  HomePage:142 - in search and search str: Laptop
2021-06-21 19:10:35 INFO  HomePage:147 - info
2021-06-21 19:10:39 INFO  HomePage:15 - in HomePage
2021-06-21 19:10:44 INFO  HomePage:155 - in search and search str: Laptop
2021-06-21 19:10:47 INFO  HomePage:160 - info
2021-06-21 19:10:51 INFO  HomePage:15 - in HomePage
2021-06-21 19:10:56 INFO  HomePage:168 - in search and search str: Laptop
2021-06-21 19:10:59 INFO  HomePage:173 - info
2021-06-21 19:11:03 INFO  HomePage:15 - in HomePage
2021-06-21 19:11:07 INFO  HomePage:196 - in search and search str: Laptop
2021-06-21 19:11:10 INFO  HomePage:201 - info
2021-06-21 19:13:48 INFO  HomePage:15 - in HomePage
2021-06-21 19:13:48 INFO  HomePage:15 - in HomePage
2021-06-21 19:13:55 INFO  HomePage:59 - in search and search str: Samsung
2021-06-21 19:13:55 INFO  HomePage:63 - in search and search str: Samsung
2021-06-21 19:13:55 INFO  HomePage:65 - in if, and search: Samsung
2021-06-21 19:13:55 INFO  HomePage:59 - in search and search str: iPhone
2021-06-21 19:13:55 INFO  HomePage:61 - in if, and search: iPhone
2021-06-21 19:13:55 INFO  HomePage:63 - in search and search str: iPhone
